<?xml version="1.0" encoding="UTF-8"?>
<testng-results skipped="0" failed="0" total="1" passed="1">
  <reporter-output>
  </reporter-output>
  <suite name="Default suite" duration-ms="9652" started-at="2020-08-24T04:20:54Z" finished-at="2020-08-24T04:21:03Z">
    <groups>
    </groups>
    <test name="Default test" duration-ms="9652" started-at="2020-08-24T04:20:54Z" finished-at="2020-08-24T04:21:03Z">
      <class name="Alo">
        <test-method status="PASS" signature="test()[pri:0, instance:Alo@2344fc66]" name="test" duration-ms="9632" started-at="2020-08-24T10:20:54Z" finished-at="2020-08-24T10:21:03Z">
          <reporter-output>
          </reporter-output>
        </test-method> <!-- test -->
      </class> <!-- Alo -->
    </test> <!-- Default test -->
  </suite> <!-- Default suite -->
</testng-results>
