<?xml version="1.0" encoding="UTF-8"?>
<testng-results skipped="0" failed="0" total="1" passed="1">
  <reporter-output>
  </reporter-output>
  <suite name="Default suite" duration-ms="23344" started-at="2020-08-24T20:58:12Z" finished-at="2020-08-24T20:58:36Z">
    <groups>
    </groups>
    <test name="Default test" duration-ms="23344" started-at="2020-08-24T20:58:12Z" finished-at="2020-08-24T20:58:36Z">
      <class name="Automation.Basic">
        <test-method status="PASS" signature="test()[pri:0, instance:Automation.Basic@2344fc66]" name="test" duration-ms="23324" started-at="2020-08-25T02:58:12Z" finished-at="2020-08-25T02:58:36Z">
          <reporter-output>
          </reporter-output>
        </test-method> <!-- test -->
      </class> <!-- Automation.Basic -->
    </test> <!-- Default test -->
  </suite> <!-- Default suite -->
</testng-results>
